<?xml version="1.0" encoding="UTF-8"?>
<!-- Generated by org.testng.reporters.JUnitXMLReporter -->
<testsuite hostname="HJ70R72" ignored="0" name="Test" tests="1" failures="1" timestamp="28 Aug 2018 09:21:26 GMT" time="534.906" errors="0">
  <testcase name="testValidLogin1" time="310.351" classname="com.pulse.Test.ValidLogin">
    <failure type="org.openqa.selenium.NoSuchElementException" message="Cannot locate element with text: AutoTriggerSurvey4
For documentation on this error, please visit: http://seleniumhq.org/exceptions/no_such_element.html
Build info: version: &amp;apos;3.4.0&amp;apos;, revision: &amp;apos;unknown&amp;apos;, time: &amp;apos;unknown&amp;apos;
System info: host: &amp;apos;HJ70R72&amp;apos;, ip: &amp;apos;10.71.213.76&amp;apos;, os.name: &amp;apos;Windows 8.1&amp;apos;, os.arch: &amp;apos;amd64&amp;apos;, os.version: &amp;apos;6.3&amp;apos;, java.version: &amp;apos;1.8.0_131&amp;apos;
Driver info: driver.version: unknown">
      <![CDATA[org.openqa.selenium.NoSuchElementException: Cannot locate element with text: AutoTriggerSurvey4
For documentation on this error, please visit: http://seleniumhq.org/exceptions/no_such_element.html
Build info: version: '3.4.0', revision: 'unknown', time: 'unknown'
System info: host: 'HJ70R72', ip: '10.71.213.76', os.name: 'Windows 8.1', os.arch: 'amd64', os.version: '6.3', java.version: '1.8.0_131'
Driver info: driver.version: unknown
at org.openqa.selenium.support.ui.Select.selectByVisibleText(Select.java:151)
at com.pulse.Page.LoginPage.dropdowntheaccount(LoginPage.java:191)
at com.pulse.Test.ValidLogin.testValidLogin1(ValidLogin.java:213)
... Removed 25 stack frames]]>
    </failure>
  </testcase> <!-- testValidLogin1 -->
</testsuite> <!-- Test -->
